[debug] [2020-06-12T04:54:11.980Z] ----------------------------------------------------------------------
[debug] [2020-06-12T04:54:11.983Z] Command:       /usr/local/bin/node /usr/local/bin/firebase serve
[debug] [2020-06-12T04:54:11.983Z] CLI Version:   7.8.1
[debug] [2020-06-12T04:54:11.983Z] Platform:      darwin
[debug] [2020-06-12T04:54:11.983Z] Node Version:  v13.0.1
[debug] [2020-06-12T04:54:11.991Z] Time:          Fri Jun 12 2020 13:54:11 GMT+0900 (日本標準時)
[debug] [2020-06-12T04:54:11.991Z] ----------------------------------------------------------------------
[debug] [2020-06-12T04:54:11.991Z] 
[debug] [2020-06-12T04:54:12.007Z] > command requires scopes: ["email","openid","https://www.googleapis.com/auth/cloudplatformprojects.readonly","https://www.googleapis.com/auth/firebase","https://www.googleapis.com/auth/cloud-platform"]
[debug] [2020-06-12T04:54:12.008Z] > authorizing via signed-in user
[debug] [2020-06-12T04:54:12.008Z] [iam] checking project ethicable-4c for permissions ["firebase.projects.get"]
[debug] [2020-06-12T04:54:12.009Z] > refreshing access token with scopes: ["email","https://www.googleapis.com/auth/cloud-platform","https://www.googleapis.com/auth/cloudplatformprojects.readonly","https://www.googleapis.com/auth/firebase","openid"]
[debug] [2020-06-12T04:54:12.009Z] >>> HTTP REQUEST POST https://www.googleapis.com/oauth2/v3/token  
 <request body omitted>
[debug] [2020-06-12T04:54:12.325Z] <<< HTTP RESPONSE 200
[debug] [2020-06-12T04:54:12.336Z] >>> HTTP REQUEST POST https://cloudresourcemanager.googleapis.com/v1/projects/ethicable-4c:testIamPermissions  

[debug] [2020-06-12T04:54:12.814Z] <<< HTTP RESPONSE 200
[debug] [2020-06-12T04:54:12.815Z] >>> HTTP REQUEST GET https://firebase.googleapis.com/v1beta1/projects/ethicable-4c  
 
[debug] [2020-06-12T04:54:13.479Z] <<< HTTP RESPONSE 200
[info] 
[info] === Serving from '/Users/ohs70519/Desktop/ethicable-4c'...
[info] 
[debug] [2020-06-12T04:54:13.481Z] >>> HTTP REQUEST GET https://firebase.googleapis.com/v1beta1/projects/ethicable-4c/webApps/-/config  
 
[debug] [2020-06-12T04:54:14.633Z] <<< HTTP RESPONSE 200
[info] i  hosting: Serving hosting files from: html/pages
[info] ✔  hosting: Local server: http://localhost:5000
